Flattening unmatched subcell sky130_fd_io__pad_esd in circuit sky130_fd_io__com_busses_esd (0)(1 instance)
Flattening unmatched subcell sky130_ef_io__analog_pad in circuit pad_example (0)(1 instance)
Flattening unmatched subcell test in circuit pad_con (1)(1 instance)

Cell sky130_fd_io__com_busses_esd disconnected node: sky130_fd_io__com_bus_hookup_0/VCCD
Cell sky130_fd_io__com_busses_esd disconnected node: sky130_fd_io__com_bus_hookup_0/VSWITCH
Cell sky130_fd_io__com_busses_esd disconnected node: sky130_fd_io__com_bus_hookup_0/AMUXBUS_A
Cell sky130_fd_io__com_busses_esd disconnected node: sky130_fd_io__com_bus_hookup_0/VSSIO
Cell sky130_fd_io__com_busses_esd disconnected node: sky130_fd_io__com_bus_hookup_0/AMUXBUS_B
Cell sky130_fd_io__com_busses_esd disconnected node: sky130_fd_io__com_bus_hookup_0/VDDA
Cell sky130_fd_io__com_busses_esd disconnected node: sky130_fd_io__com_bus_hookup_0/VDDIO
Cell sky130_fd_io__com_busses_esd disconnected node: sky130_fd_io__com_bus_hookup_0/VSSIO_Q
Cell sky130_fd_io__com_busses_esd disconnected node: sky130_fd_io__com_bus_hookup_0/VDDIO_Q
Cell sky130_fd_io__com_busses_esd disconnected node: sky130_fd_io__com_bus_hookup_0/VSSA
Cell sky130_fd_io__com_busses_esd disconnected node: sky130_fd_io__com_bus_hookup_0/VSSD
Cell sky130_fd_io__com_busses_esd disconnected node: sky130_fd_io__com_bus_hookup_0/VCCHIB

Cell sky130_fd_io__com_busses_esd disconnected node: VSUBS
Cell sky130_fd_io__com_busses_esd disconnected node: sky130_fd_io__com_bus_hookup_0/VCCD
Cell sky130_fd_io__com_busses_esd disconnected node: sky130_fd_io__com_bus_hookup_0/VSWITCH
Cell sky130_fd_io__com_busses_esd disconnected node: sky130_fd_io__pad_esd_0/sky130_fd_pr__padplhp__example_559591418080_0/m5_n540_766#
Cell sky130_fd_io__com_busses_esd disconnected node: sky130_fd_io__com_bus_hookup_0/AMUXBUS_A
Cell sky130_fd_io__com_busses_esd disconnected node: sky130_fd_io__com_bus_hookup_0/VSSIO
Cell sky130_fd_io__com_busses_esd disconnected node: sky130_fd_io__com_bus_hookup_0/AMUXBUS_B
Cell sky130_fd_io__com_busses_esd disconnected node: sky130_fd_io__com_bus_hookup_0/VDDA
Cell sky130_fd_io__com_busses_esd disconnected node: sky130_fd_io__com_bus_hookup_0/VDDIO
Cell sky130_fd_io__com_busses_esd disconnected node: sky130_fd_io__com_bus_hookup_0/VSSIO_Q
Cell sky130_fd_io__com_busses_esd disconnected node: sky130_fd_io__com_bus_hookup_0/VDDIO_Q
Cell sky130_fd_io__com_busses_esd disconnected node: sky130_fd_io__com_bus_hookup_0/VSSA
Cell sky130_fd_io__com_busses_esd disconnected node: sky130_fd_io__com_bus_hookup_0/VSSD
Cell sky130_fd_io__com_busses_esd disconnected node: sky130_fd_io__com_bus_hookup_0/VCCHIB
Equate pins:  cell sky130_fd_io__com_busses_esd and/or sky130_fd_io__com_busses_esd has no elements.

Subcircuit pins:
Circuit 1: sky130_fd_io__com_busses_esd    |Circuit 2: sky130_fd_io__com_busses_esd    
-------------------------------------------|-------------------------------------------
VSUBS                                      |VSUBS                                      
sky130_fd_io__com_bus_hookup_0/VCCD        |sky130_fd_io__com_bus_hookup_0/VCCD        
sky130_fd_io__com_bus_hookup_0/VSWITCH     |sky130_fd_io__com_bus_hookup_0/VSWITCH     
sky130_fd_io__com_bus_hookup_0/AMUXBUS_A   |sky130_fd_io__com_bus_hookup_0/AMUXBUS_A   
sky130_fd_io__com_bus_hookup_0/VSSIO       |sky130_fd_io__com_bus_hookup_0/VSSIO       
sky130_fd_io__com_bus_hookup_0/AMUXBUS_B   |sky130_fd_io__com_bus_hookup_0/AMUXBUS_B   
sky130_fd_io__com_bus_hookup_0/VDDA        |sky130_fd_io__com_bus_hookup_0/VDDA        
sky130_fd_io__com_bus_hookup_0/VDDIO       |sky130_fd_io__com_bus_hookup_0/VDDIO       
sky130_fd_io__com_bus_hookup_0/VSSIO_Q     |sky130_fd_io__com_bus_hookup_0/VSSIO_Q     
sky130_fd_io__com_bus_hookup_0/VDDIO_Q     |sky130_fd_io__com_bus_hookup_0/VDDIO_Q     
sky130_fd_io__com_bus_hookup_0/VSSA        |sky130_fd_io__com_bus_hookup_0/VSSA        
sky130_fd_io__com_bus_hookup_0/VSSD        |sky130_fd_io__com_bus_hookup_0/VSSD        
sky130_fd_io__com_bus_hookup_0/VCCHIB      |sky130_fd_io__com_bus_hookup_0/VCCHIB      
(no matching pin)                          |sky130_fd_io__pad_esd_0/sky130_fd_pr__padp 
---------------------------------------------------------------------------------------
Cell pin lists for sky130_fd_io__com_busses_esd and sky130_fd_io__com_busses_esd altered to match.

Cell sky130_fd_io__simple_pad_and_busses disconnected node: w_818_9944#

Subcircuit summary:
Circuit 1: sky130_fd_io__simple_pad_and_bu |Circuit 2: sky130_fd_io__simple_pad_and_bu 
-------------------------------------------|-------------------------------------------
sky130_fd_io__com_busses_esd (1)           |sky130_fd_io__com_busses_esd (1)           
Number of devices: 1                       |Number of devices: 1                       
Number of nets: 16                         |Number of nets: 16                         
---------------------------------------------------------------------------------------
Circuits match uniquely.
Netlists match uniquely.

Subcircuit pins:
Circuit 1: sky130_fd_io__simple_pad_and_bu |Circuit 2: sky130_fd_io__simple_pad_and_bu 
-------------------------------------------|-------------------------------------------
VSUBS                                      |VSUBS                                      
sky130_fd_io__com_busses_esd_0/sky130_fd_i |sky130_fd_io__com_busses_esd_0/sky130_fd_i 
sky130_fd_io__com_busses_esd_0/sky130_fd_i |sky130_fd_io__com_busses_esd_0/sky130_fd_i 
sky130_fd_io__com_busses_esd_0/sky130_fd_i |sky130_fd_io__com_busses_esd_0/sky130_fd_i 
sky130_fd_io__com_busses_esd_0/sky130_fd_i |sky130_fd_io__com_busses_esd_0/sky130_fd_i 
sky130_fd_io__com_busses_esd_0/sky130_fd_i |sky130_fd_io__com_busses_esd_0/sky130_fd_i 
sky130_fd_io__com_busses_esd_0/sky130_fd_i |sky130_fd_io__com_busses_esd_0/sky130_fd_i 
sky130_fd_io__com_busses_esd_0/sky130_fd_i |sky130_fd_io__com_busses_esd_0/sky130_fd_i 
sky130_fd_io__com_busses_esd_0/sky130_fd_i |sky130_fd_io__com_busses_esd_0/sky130_fd_i 
sky130_fd_io__com_busses_esd_0/sky130_fd_i |sky130_fd_io__com_busses_esd_0/sky130_fd_i 
sky130_fd_io__com_busses_esd_0/sky130_fd_i |sky130_fd_io__com_busses_esd_0/sky130_fd_i 
sky130_fd_io__com_busses_esd_0/sky130_fd_i |sky130_fd_io__com_busses_esd_0/sky130_fd_i 
sky130_fd_io__com_busses_esd_0/sky130_fd_i |sky130_fd_io__com_busses_esd_0/sky130_fd_i 
sky130_fd_io__com_busses_esd_0/            |(no matching pin)                          
m3_99_16575#                               |(no matching pin)                          
m3_99_16575#                               |m3_99_16575#                               
---------------------------------------------------------------------------------------
Cell pin lists for sky130_fd_io__simple_pad_and_busses and sky130_fd_io__simple_pad_and_busses altered to match.

Subcircuit summary:
Circuit 1: pad_example                     |Circuit 2: pad_con                         
-------------------------------------------|-------------------------------------------
sky130_fd_io__simple_pad_and_busses (1)    |sky130_fd_io__simple_pad_and_busses (1)    
(no matching element)                      |sky130_fd_pr__cap_mim_m3_1 (1)             
Number of devices: 1 **Mismatch**          |Number of devices: 2 **Mismatch**          
Number of nets: 5                          |Number of nets: 5                          
---------------------------------------------------------------------------------------
NET mismatches: Class fragments follow (with fanout counts):
Circuit 1: pad_example                     |Circuit 2: pad_con                         

---------------------------------------------------------------------------------------
Net: GND                                   |Net: GND                                   
  sky130_fd_io__simple_pad_and_busses/sky1 |  sky130_fd_io__simple_pad_and_busses/VSUB 
  sky130_fd_io__simple_pad_and_busses/sky1 |  sky130_fd_io__simple_pad_and_busses/sky1 
  sky130_fd_io__simple_pad_and_busses/sky1 |  sky130_fd_io__simple_pad_and_busses/sky1 
  sky130_fd_io__simple_pad_and_busses/sky1 |  sky130_fd_io__simple_pad_and_busses/sky1 
  sky130_fd_io__simple_pad_and_busses/sky1 |  sky130_fd_io__simple_pad_and_busses/sky1 
  sky130_fd_io__simple_pad_and_busses/sky1 |  sky130_fd_io__simple_pad_and_busses/sky1 
  sky130_fd_io__simple_pad_and_busses/sky1 |  sky130_fd_io__simple_pad_and_busses/sky1 
                                           |  sky130_fd_io__simple_pad_and_busses/sky1 
                                           |  sky130_fd_pr__cap_mim_m3_1/2 = 1         
---------------------------------------------------------------------------------------

---------------------------------------------------------------------------------------
Net: sky130_ef_io__analog_padanalog_pad/sk |Net: dummy_5                               
  sky130_fd_io__simple_pad_and_busses/VSUB |  sky130_fd_io__simple_pad_and_busses/prox 
                                           |                                           
Net: out                                   |Net: c1_14744_38796#                       
  sky130_fd_io__simple_pad_and_busses/sky1 |  sky130_fd_pr__cap_mim_m3_1/1 = 1         
                                           |                                           
Net: in                                    |Net: out                                   
  sky130_fd_io__simple_pad_and_busses/m3_9 |  sky130_fd_io__simple_pad_and_busses/m3_9 
---------------------------------------------------------------------------------------
DEVICE mismatches: Class fragments follow (with node fanout counts):
Circuit 1: pad_example                     |Circuit 2: pad_con                         

---------------------------------------------------------------------------------------
(no matching instance)                     |Instance: sky130_fd_pr__cap_mim_m3_10      
                                           |  1 = 1                                    
                                           |  2 = 9                                    
---------------------------------------------------------------------------------------
Netlists do not match.
The top level cell failed pin matching.
